<?xml version="1.0" encoding="UTF-8"?>
<!-- Generated by org.testng.reporters.JUnitXMLReporter -->
<testsuite ignored="0" hostname="DESKTOP-NRKFARI" failures="0" tests="3" name="Test" time="71.238" errors="0" timestamp="2025-04-24T23:58:19 IST">
  <testcase classname="Week6.marathon3.testng.SalesForceCreateOpportunity" name="createOpportunity" time="18.323"/>
  <testcase classname="Week6.marathon3.testng.SalesForceEditOpportunity" name="editOpportunity" time="14.922"/>
  <testcase classname="Week6.marathon3.testng.SalesForceDeleteOpportunity" name="deleteOpportunity" time="20.593"/>
</testsuite> <!-- Test -->
